<?xml version="1.0" encoding="UTF-8"?>
<!-- Generated by org.testng.reporters.JUnitXMLReporter -->
<testsuite ignored="0" hostname="DEV-MA-2671-LAP" failures="1" tests="1" name="first_Test" time="0.067" errors="0" timestamp="2023-08-14T00:49:33 IST">
  <testcase classname="testcases.firstTest" name="loginTest" time="0.0">
    <failure type="java.lang.NoClassDefFoundError" message="EncryptedDocumentException">
      <![CDATA[java.lang.NoClassDefFoundError: EncryptedDocumentException
at java.base/java.lang.Class.getDeclaredMethods0(Native Method)
at java.base/java.lang.Class.privateGetDeclaredMethods(Class.java:3402)
at java.base/java.lang.Class.getDeclaredMethods(Class.java:2504)
at java.base/java.util.ArrayList.forEach(ArrayList.java:1511)
Caused by: java.lang.ClassNotFoundException: EncryptedDocumentException
at java.base/jdk.internal.loader.BuiltinClassLoader.loadClass(BuiltinClassLoader.java:641)
at java.base/jdk.internal.loader.ClassLoaders$AppClassLoader.loadClass(ClassLoaders.java:188)
at java.base/java.lang.ClassLoader.loadClass(ClassLoader.java:520)
... 32 more
... Removed 28 stack frames]]>
    </failure>
  </testcase> <!-- loginTest -->
</testsuite> <!-- first_Test -->
