<?xml version="1.0" encoding="UTF-8"?>
<!-- Generated by org.testng.reporters.JUnitXMLReporter -->
<testsuite ignored="0" hostname="DEV-MA-2671-LAP" failures="1" tests="1" name="first_Test" time="0.104" errors="0" timestamp="2023-08-08T22:43:47 IST">
  <testcase classname="testcases.firstTest" name="loginTest" time="0.0">
    <failure type="org.testng.TestNGException" message="
Some DataProvider public java.lang.String[][] utilities.readXLSLfile.getData(java.lang.String) throws org.apache.poi.EncryptedDocumentException,org.apache.poi.openxml4j.exceptions.InvalidFormatException,java.io.IOException parameters unresolved:  at 0 type class java.lang.String
">
      <![CDATA[org.testng.TestNGException: 
Some DataProvider public java.lang.String[][] utilities.readXLSLfile.getData(java.lang.String) throws org.apache.poi.EncryptedDocumentException,org.apache.poi.openxml4j.exceptions.InvalidFormatException,java.io.IOException parameters unresolved:  at 0 type class java.lang.String

at java.base/java.util.ArrayList.forEach(ArrayList.java:1511)
... Removed 25 stack frames]]>
    </failure>
  </testcase> <!-- loginTest -->
</testsuite> <!-- first_Test -->
