<?xml version="1.0" encoding="UTF-8"?>
<!-- Generated by org.testng.reporters.JUnitXMLReporter -->
<testsuite ignored="0" hostname="DEV-MA-2671-LAP" failures="0" tests="6" name="Test" time="0.04" errors="0" timestamp="2023-04-03T15:57:36 IST">
  <testcase classname="TestEnv.Testenvironment" name="T1" time="0.001"/>
  <testcase classname="TestEnv.Testenvironment" name="T2" time="0.001"/>
  <testcase classname="TestEnv.Testenvironment" name="T3" time="0.013"/>
  <testcase classname="TestEnv.Testenv2" name="T1" time="0.001"/>
  <testcase classname="TestEnv.Testenv2" name="T2" time="0.002"/>
  <testcase classname="TestEnv.Testenv2" name="T3" time="0.001"/>
</testsuite> <!-- Test -->
