<?xml version="1.0" encoding="UTF-8"?>
<!-- Generated by org.testng.reporters.JUnitXMLReporter -->
<testsuite ignored="0" hostname="DEV-MA-2671-LAP" failures="0" tests="6" name="Test" time="0.118" errors="0" timestamp="2023-03-27T15:34:56 IST">
  <testcase classname="UAT_Env.UAT_Environment" name="U1" time="0.019"/>
  <testcase classname="UAT_Env.UAT_Environment" name="U2" time="0.002"/>
  <testcase classname="UAT_Env.UAT_Environment" name="U3" time="0.005"/>
  <testcase classname="UAT_Env.UAT2" name="U1" time="0.002"/>
  <testcase classname="UAT_Env.UAT2" name="U2" time="0.005"/>
  <testcase classname="UAT_Env.UAT2" name="U3" time="0.002"/>
</testsuite> <!-- Test -->
