<?xml version="1.0" encoding="UTF-8"?>
<testng-results ignored="0" total="6" passed="6" failed="0" skipped="0">
  <reporter-output>
  </reporter-output>
  <suite started-at="2023-08-15T19:48:08 IST" name="Suite" finished-at="2023-08-15T19:48:08 IST" duration-ms="143">
    <groups>
    </groups>
    <test started-at="2023-08-15T19:48:08 IST" name="Test" finished-at="2023-08-15T19:48:08 IST" duration-ms="143">
      <class name="Live_ProdEnv.Live2">
        <test-method signature="L1()[pri:0, instance:Live_ProdEnv.Live2@8f4ea7c]" started-at="2023-08-15T19:48:08 IST" name="L1" finished-at="2023-08-15T19:48:08 IST" duration-ms="23" status="PASS">
          <reporter-output>
          </reporter-output>
        </test-method> <!-- L1 -->
        <test-method signature="L2()[pri:0, instance:Live_ProdEnv.Live2@8f4ea7c]" started-at="2023-08-15T19:48:08 IST" name="L2" finished-at="2023-08-15T19:48:08 IST" duration-ms="13" status="PASS">
          <reporter-output>
          </reporter-output>
        </test-method> <!-- L2 -->
        <test-method signature="L3()[pri:0, instance:Live_ProdEnv.Live2@8f4ea7c]" started-at="2023-08-15T19:48:08 IST" name="L3" finished-at="2023-08-15T19:48:08 IST" duration-ms="2" status="PASS">
          <reporter-output>
          </reporter-output>
        </test-method> <!-- L3 -->
      </class> <!-- Live_ProdEnv.Live2 -->
      <class name="Live_ProdEnv.Live_Environment">
        <test-method signature="L1()[pri:0, instance:Live_ProdEnv.Live_Environment@7f0eb4b4]" started-at="2023-08-15T19:48:08 IST" name="L1" finished-at="2023-08-15T19:48:08 IST" duration-ms="2" status="PASS">
          <reporter-output>
          </reporter-output>
        </test-method> <!-- L1 -->
        <test-method signature="L2()[pri:0, instance:Live_ProdEnv.Live_Environment@7f0eb4b4]" started-at="2023-08-15T19:48:08 IST" name="L2" finished-at="2023-08-15T19:48:08 IST" duration-ms="1" status="PASS">
          <reporter-output>
          </reporter-output>
        </test-method> <!-- L2 -->
        <test-method signature="L3()[pri:0, instance:Live_ProdEnv.Live_Environment@7f0eb4b4]" started-at="2023-08-15T19:48:08 IST" name="L3" finished-at="2023-08-15T19:48:08 IST" duration-ms="2" status="PASS">
          <reporter-output>
          </reporter-output>
        </test-method> <!-- L3 -->
      </class> <!-- Live_ProdEnv.Live_Environment -->
    </test> <!-- Test -->
  </suite> <!-- Suite -->
</testng-results>
