<?xml version="1.0" encoding="UTF-8"?>
<testng-results ignored="0" total="2" passed="2" failed="0" skipped="0">
  <reporter-output>
    <line>
      <![CDATA[Keyword entered is : Data provider in TestNG]]>
    </line>
    <line>
      <![CDATA[Search results are displayed.]]>
    </line>
    <line>
      <![CDATA[Keyword entered is : TestNG]]>
    </line>
    <line>
      <![CDATA[Search results are displayed.]]>
    </line>
  </reporter-output>
  <suite started-at="2023-04-05T11:48:06 IST" name="Default suite" finished-at="2023-04-05T11:48:17 IST" duration-ms="11136">
    <groups>
    </groups>
    <test started-at="2023-04-05T11:48:06 IST" name="Default test" finished-at="2023-04-05T11:48:17 IST" duration-ms="11136">
      <class name="com.testing.selenium.v1.DataProviders">
        <test-method is-config="true" signature="launch()[pri:0, instance:com.testing.selenium.v1.DataProviders@67c27493]" started-at="2023-04-05T11:48:06 IST" name="launch" finished-at="2023-04-05T11:48:10 IST" duration-ms="3628" status="PASS">
          <reporter-output>
          </reporter-output>
        </test-method> <!-- launch -->
        <test-method signature="search(java.lang.String)[pri:0, instance:com.testing.selenium.v1.DataProviders@67c27493]" started-at="2023-04-05T11:48:10 IST" name="search" data-provider="test-data" finished-at="2023-04-05T11:48:12 IST" duration-ms="2137" status="PASS">
          <params>
            <param index="0">
              <value>
                <![CDATA[Data provider in TestNG]]>
              </value>
            </param>
          </params>
          <reporter-output>
            <line>
              <![CDATA[Keyword entered is : Data provider in TestNG]]>
            </line>
            <line>
              <![CDATA[Search results are displayed.]]>
            </line>
          </reporter-output>
        </test-method> <!-- search -->
        <test-method is-config="true" signature="burnDown()[pri:0, instance:com.testing.selenium.v1.DataProviders@67c27493]" started-at="2023-04-05T11:48:12 IST" name="burnDown" finished-at="2023-04-05T11:48:12 IST" duration-ms="193" status="PASS">
          <reporter-output>
          </reporter-output>
        </test-method> <!-- burnDown -->
        <test-method is-config="true" signature="launch()[pri:0, instance:com.testing.selenium.v1.DataProviders@67c27493]" started-at="2023-04-05T11:48:12 IST" name="launch" finished-at="2023-04-05T11:48:14 IST" duration-ms="2411" status="PASS">
          <reporter-output>
          </reporter-output>
        </test-method> <!-- launch -->
        <test-method signature="search(java.lang.String)[pri:0, instance:com.testing.selenium.v1.DataProviders@67c27493]" started-at="2023-04-05T11:48:14 IST" name="search" data-provider="test-data" finished-at="2023-04-05T11:48:17 IST" duration-ms="2526" status="PASS">
          <params>
            <param index="0">
              <value>
                <![CDATA[TestNG]]>
              </value>
            </param>
          </params>
          <reporter-output>
            <line>
              <![CDATA[Keyword entered is : TestNG]]>
            </line>
            <line>
              <![CDATA[Search results are displayed.]]>
            </line>
          </reporter-output>
        </test-method> <!-- search -->
        <test-method is-config="true" signature="burnDown()[pri:0, instance:com.testing.selenium.v1.DataProviders@67c27493]" started-at="2023-04-05T11:48:17 IST" name="burnDown" finished-at="2023-04-05T11:48:17 IST" duration-ms="190" status="PASS">
          <reporter-output>
          </reporter-output>
        </test-method> <!-- burnDown -->
      </class> <!-- com.testing.selenium.v1.DataProviders -->
    </test> <!-- Default test -->
  </suite> <!-- Default suite -->
</testng-results>
