<?xml version="1.0" encoding="UTF-8"?>
<!-- Generated by org.testng.reporters.JUnitXMLReporter -->
<testsuite ignored="0" hostname="DEV-MA-2671-LAP" failures="0" tests="6" name="Test" time="0.062" errors="0" timestamp="2023-03-27T15:34:56 IST">
  <testcase classname="Live_ProdEnv.Live2" name="L1" time="0.003"/>
  <testcase classname="Live_ProdEnv.Live2" name="L2" time="0.009"/>
  <testcase classname="Live_ProdEnv.Live2" name="L3" time="0.002"/>
  <testcase classname="Live_ProdEnv.Live_Environment" name="L1" time="0.002"/>
  <testcase classname="Live_ProdEnv.Live_Environment" name="L2" time="0.008"/>
  <testcase classname="Live_ProdEnv.Live_Environment" name="L3" time="0.002"/>
</testsuite> <!-- Test -->
