<?xml version="1.0" encoding="UTF-8"?>
<!-- Generated by org.testng.reporters.JUnitXMLReporter -->
<testsuite ignored="0" hostname="DEV-MA-2671-LAP" failures="0" tests="6" name="Test" time="0.121" errors="0" timestamp="2023-03-28T20:35:32 IST">
  <testcase classname="UAT_Env.UAT_Environment" name="U1" time="0.016"/>
  <testcase classname="UAT_Env.UAT_Environment" name="U2" time="0.004"/>
  <testcase classname="UAT_Env.UAT_Environment" name="U3" time="0.003"/>
  <testcase classname="UAT_Env.UAT2" name="U1" time="0.002"/>
  <testcase classname="UAT_Env.UAT2" name="U2" time="0.004"/>
  <testcase classname="UAT_Env.UAT2" name="U3" time="0.002"/>
</testsuite> <!-- Test -->
