<?xml version="1.0" encoding="UTF-8"?>
<!-- Generated by org.testng.reporters.JUnitXMLReporter -->
<testsuite ignored="0" hostname="DEV-MA-2671-LAP" failures="0" tests="6" name="Test" time="0.143" errors="0" timestamp="2023-08-15T19:48:08 IST">
  <testcase classname="Live_ProdEnv.Live2" name="L1" time="0.023"/>
  <testcase classname="Live_ProdEnv.Live2" name="L2" time="0.013"/>
  <testcase classname="Live_ProdEnv.Live2" name="L3" time="0.002"/>
  <testcase classname="Live_ProdEnv.Live_Environment" name="L1" time="0.002"/>
  <testcase classname="Live_ProdEnv.Live_Environment" name="L2" time="0.001"/>
  <testcase classname="Live_ProdEnv.Live_Environment" name="L3" time="0.002"/>
</testsuite> <!-- Test -->
