<?xml version="1.0" encoding="UTF-8"?>
<!-- Generated by org.testng.reporters.JUnitXMLReporter -->
<testsuite ignored="0" hostname="DEV-MA-2671-LAP" failures="0" tests="3" name="Test_Modified" time="6.754" errors="0" timestamp="2023-03-23T12:19:55 IST">
  <testcase classname="com.testing.selenium.v1.DependenciesTestNG" name="LandgingPage" time="0.009"/>
  <testcase classname="com.testing.selenium.v1.DependenciesTestNG" name="Calculater" time="3.387"/>
  <testcase classname="com.testing.selenium.v1.DependenciesTestNG" name="HomeBack" time="0.085"/>
</testsuite> <!-- Test_Modified -->
